Arguments: 
  /usr/local/bin/node /usr/local/bin/yarn add -D @types/strapi__design-system

PATH: 
  /opt/homebrew/bin:/opt/homebrew/sbin:/usr/local/bin:/System/Cryptexes/App/usr/bin:/usr/bin:/bin:/usr/sbin:/sbin:/opt/homebrew/bin:/opt/homebrew/sbin

Yarn version: 
  1.22.19

Node version: 
  16.15.1

Platform: 
  darwin arm64

Trace: 
  Error: https://registry.yarnpkg.com/@types%2fstrapi__design-system: Not found
      at Request.params.callback [as _callback] (/usr/local/lib/node_modules/yarn/lib/cli.js:66145:18)
      at Request.self.callback (/usr/local/lib/node_modules/yarn/lib/cli.js:140890:22)
      at Request.emit (node:events:527:28)
      at Request.<anonymous> (/usr/local/lib/node_modules/yarn/lib/cli.js:141862:10)
      at Request.emit (node:events:527:28)
      at IncomingMessage.<anonymous> (/usr/local/lib/node_modules/yarn/lib/cli.js:141784:12)
      at Object.onceWrapper (node:events:641:28)
      at IncomingMessage.emit (node:events:539:35)
      at endReadableNT (node:internal/streams/readable:1345:12)
      at processTicksAndRejections (node:internal/process/task_queues:83:21)

npm manifest: 
  {
    "name": "title",
    "version": "0.0.0",
    "description": "This is the description of the plugin.",
    "strapi": {
      "name": "title",
      "description": "Description of title plugin",
      "kind": "plugin"
    },
    "dependencies": {
      "@lexical/react": "^0.6.0",
      "lexical": "^0.6.0",
      "yup": "^0.32.11"
    },
    "peerDependencies": {
      "@strapi/strapi": "^4.4.0"
    },
    "devDependencies": {
      "typescript": "4.6.3"
    },
    "author": {
      "name": "A Strapi developer"
    },
    "maintainers": [
      {
        "name": "A Strapi developer"
      }
    ],
    "engines": {
      "node": ">=14.19.1 <=18.x.x",
      "npm": ">=6.0.0"
    },
    "scripts": {
      "develop": "tsc -w",
      "build": "tsc"
    },
    "license": "MIT"
  }

yarn manifest: 
  No manifest

Lockfile: 
  # THIS IS AN AUTOGENERATED FILE. DO NOT EDIT THIS FILE DIRECTLY.
  # yarn lockfile v1
  
  
  "@babel/runtime@^7.12.5", "@babel/runtime@^7.15.4":
    version "7.20.1"
    resolved "https://registry.yarnpkg.com/@babel/runtime/-/runtime-7.20.1.tgz#1148bb33ab252b165a06698fde7576092a78b4a9"
    integrity sha512-mrzLkl6U9YLF8qpqI7TB82PESyEGjm/0Ly91jG575eVxMMlb8fYfOXFZIJ8XfLrJZQbm7dlKry2bJmXBUEkdFg==
    dependencies:
      regenerator-runtime "^0.13.10"
  
  "@lexical/clipboard@0.6.0":
    version "0.6.0"
    resolved "https://registry.yarnpkg.com/@lexical/clipboard/-/clipboard-0.6.0.tgz#a6ce0de8811e838fe131dbc75681d571d1ccea7c"
    integrity sha512-gLE5U01x1IG+772tWWCP8DHe4xVQOb1GMm10JO7zBZvdqPZneF8um0ZdXKOY4HFXkPBePGYCMaItaD978P7UOg==
    dependencies:
      "@lexical/html" "0.6.0"
      "@lexical/list" "0.6.0"
      "@lexical/selection" "0.6.0"
      "@lexical/utils" "0.6.0"
  
  "@lexical/code@0.6.0":
    version "0.6.0"
    resolved "https://registry.yarnpkg.com/@lexical/code/-/code-0.6.0.tgz#c1122caca2871a991b0968c2a65ba8dd5b1b2602"
    integrity sha512-CG6Dj6eOvXSRoogrTPeflqN9EwPEL+S+b/lRHpP2zyPKpfxMBHngQmNnrLw5NDSRXkAkDJRdTgbDcGWHkqoB9g==
    dependencies:
      "@lexical/utils" "0.6.0"
      prismjs "^1.27.0"
  
  "@lexical/dragon@0.6.0":
    version "0.6.0"
    resolved "https://registry.yarnpkg.com/@lexical/dragon/-/dragon-0.6.0.tgz#f5f51a821f1af22bf35d7d0cae3c6df516747d82"
    integrity sha512-t3jvkJT+zYG0xb6XTSHV9l9HRg5IKZZ/9/IeOOWTlbUTT7G4I2sO0Djn11YqFalfJeQjN9vEOZgSPlOa3xuxOw==
  
  "@lexical/hashtag@0.6.0":
    version "0.6.0"
    resolved "https://registry.yarnpkg.com/@lexical/hashtag/-/hashtag-0.6.0.tgz#7467dfcc8c8a5196c2fba55bc100cd77b0e67b08"
    integrity sha512-72pOO/5qSWLtSf5ixkQEc9fN+YTtG2RUjJwG8M5C+7Slp9FKEfB5+b6tm1Jq0cOA4lopIbtlsT45migbG+J4ww==
    dependencies:
      "@lexical/utils" "0.6.0"
  
  "@lexical/history@0.6.0":
    version "0.6.0"
    resolved "https://registry.yarnpkg.com/@lexical/history/-/history-0.6.0.tgz#ddc04c7a70d1b742700d4cdef6a70d89cbf669dc"
    integrity sha512-I8b3/t4ab7swvclcN1JJbeD8IAEc6baEkl3XSmXAQfFUaiGvP0+FqhTOQM66o7EeJhcgAlw96HRnZoEVFhsgew==
    dependencies:
      "@lexical/utils" "0.6.0"
  
  "@lexical/html@0.6.0":
    version "0.6.0"
    resolved "https://registry.yarnpkg.com/@lexical/html/-/html-0.6.0.tgz#adea69d350af581ed557b28635b4385269f735e4"
    integrity sha512-n3ovAXEXHr8BmyUFgNLtOP7WdzuLcUmZPMwM8FFYx8ESgPSdgUjXfiZ+aJGnRerwgYqPWS3hQOv0dyn66yUakg==
    dependencies:
      "@lexical/selection" "0.6.0"
  
  "@lexical/link@0.6.0":
    version "0.6.0"
    resolved "https://registry.yarnpkg.com/@lexical/link/-/link-0.6.0.tgz#2f72fcc999182728670b90f9c3fbe8b219aab795"
    integrity sha512-VnHQk6lDcwbm+xiIrFVGlAclzn/n2cM8WX6aM3lwiq9vk3WDFcO+ZgDRs/UGgw4NHXoTn2LBs1ovveYEWdOhdw==
    dependencies:
      "@lexical/utils" "0.6.0"
  
  "@lexical/list@0.6.0":
    version "0.6.0"
    resolved "https://registry.yarnpkg.com/@lexical/list/-/list-0.6.0.tgz#0b37879e8d10fd00f7ee7b42415d4207943ed308"
    integrity sha512-23GYA/A60EA0WLy+oQu8eKhfoOtzvJ6jpFkWsr1GA6rLd7zr/gVv90GznY46NesOc+JbYV/o3DXMn2AvNcekaw==
    dependencies:
      "@lexical/utils" "0.6.0"
  
  "@lexical/mark@0.6.0":
    version "0.6.0"
    resolved "https://registry.yarnpkg.com/@lexical/mark/-/mark-0.6.0.tgz#6ce02f896057d3719298f8c2242a7675c93f3f29"
    integrity sha512-wIwi6xSX3U3cRO0dY0go7m5DB2Mwv6ALZ+F4l4lfiaMPCOgdTix2ear+peVDTw0ldB9hZxNK99C7AgT7ko49KQ==
    dependencies:
      "@lexical/utils" "0.6.0"
  
  "@lexical/markdown@0.6.0":
    version "0.6.0"
    resolved "https://registry.yarnpkg.com/@lexical/markdown/-/markdown-0.6.0.tgz#d2466ebaec9bd2922165a430b3643799c539c4d5"
    integrity sha512-QED+cP5wmz0AGU1Du2ZKCOMGuwXUKytLz8Y27UnLywAfNJdXhvGobsxQtgf87hMwkLRL7H1XiGyYInOd5CSlXA==
    dependencies:
      "@lexical/code" "0.6.0"
      "@lexical/link" "0.6.0"
      "@lexical/list" "0.6.0"
      "@lexical/rich-text" "0.6.0"
      "@lexical/text" "0.6.0"
      "@lexical/utils" "0.6.0"
  
  "@lexical/offset@0.6.0":
    version "0.6.0"
    resolved "https://registry.yarnpkg.com/@lexical/offset/-/offset-0.6.0.tgz#564fff162969a36317d4a1ca8a239bf2c5158f1a"
    integrity sha512-6mkS6XUPOYaXVi1f5nWXSrJyGEbDT9fTiC7ire8jhRw8ejA93Gkg6suL3rN04MH8pxRE7p6hKkKnI8Hi4vNZCg==
  
  "@lexical/overflow@0.6.0":
    version "0.6.0"
    resolved "https://registry.yarnpkg.com/@lexical/overflow/-/overflow-0.6.0.tgz#47df78f94e997de7fd5b8c687a0a4f149013d323"
    integrity sha512-Nis4bRqmOWmDdKRcRYEQ0pgrF6ux7mckpBEQXejGFEUiD7AXL7nqeBibEqTWKnjTn36ib+Q+e6nuoZB55nSF8g==
  
  "@lexical/plain-text@0.6.0":
    version "0.6.0"
    resolved "https://registry.yarnpkg.com/@lexical/plain-text/-/plain-text-0.6.0.tgz#d42d77d602c3fd1c4ab4fe605a835b8586587125"
    integrity sha512-s0ghEdCoLyuN82yF5S0UvrOuGABpkZuYSROW2iVjB6Qc7Kvwm3rl68+UBq29+nH1d3sIF9Kue/B3k7IImlojXg==
  
  "@lexical/react@^0.6.0":
    version "0.6.0"
    resolved "https://registry.yarnpkg.com/@lexical/react/-/react-0.6.0.tgz#efde1442d6f7d8782f6055010ad63f3eeab4d2ef"
    integrity sha512-6zRLPHQNYy9f9N7RyILPpVVgO7WW2m8LJ/6cgXrv2HfEtyffzzcJ4G9MmvRc3+wxEtcknGmRGeiJhGHuGzO1jQ==
    dependencies:
      "@lexical/clipboard" "0.6.0"
      "@lexical/code" "0.6.0"
      "@lexical/dragon" "0.6.0"
      "@lexical/hashtag" "0.6.0"
      "@lexical/history" "0.6.0"
      "@lexical/link" "0.6.0"
      "@lexical/list" "0.6.0"
      "@lexical/mark" "0.6.0"
      "@lexical/markdown" "0.6.0"
      "@lexical/overflow" "0.6.0"
      "@lexical/plain-text" "0.6.0"
      "@lexical/rich-text" "0.6.0"
      "@lexical/selection" "0.6.0"
      "@lexical/table" "0.6.0"
      "@lexical/text" "0.6.0"
      "@lexical/utils" "0.6.0"
      "@lexical/yjs" "0.6.0"
      react-error-boundary "^3.1.4"
  
  "@lexical/rich-text@0.6.0":
    version "0.6.0"
    resolved "https://registry.yarnpkg.com/@lexical/rich-text/-/rich-text-0.6.0.tgz#b4c2391bdd2d062cd3e0faa11d1ded82a1096224"
    integrity sha512-shGN15bjjXG1FRcxuKdlM1/eSq/s91yGbI1T9y7ezMihbDyUa+Ytf0xP51QPYTLEmXtqZrUOFoFZm+tqGNugYQ==
  
  "@lexical/selection@0.6.0":
    version "0.6.0"
    resolved "https://registry.yarnpkg.com/@lexical/selection/-/selection-0.6.0.tgz#e36acb49983ab78168eb070898f193b0417dbab7"
    integrity sha512-IP9QNAH0em0cavS1M+d6rzTWWo0zdxyhPiYnxpj0mzhtbObfEV7L1fEn9PFH8CMDWGC+zXh810l+0Nz9SEPyKA==
  
  "@lexical/table@0.6.0":
    version "0.6.0"
    resolved "https://registry.yarnpkg.com/@lexical/table/-/table-0.6.0.tgz#3f9213f838b9463c50861a87807e96a7c6b7962b"
    integrity sha512-itysOEuUAqQ6hRSi8Mr7s/sQVUTsXjxp8D+qJwQ0XzxdcmQTdoZ3IegfqrduU+iqZYbuIPAMxFDW7nPK80EFeA==
    dependencies:
      "@lexical/utils" "0.6.0"
  
  "@lexical/text@0.6.0":
    version "0.6.0"
    resolved "https://registry.yarnpkg.com/@lexical/text/-/text-0.6.0.tgz#9b8728beabf2e1c437d0aafc98450628c2972d73"
    integrity sha512-jY29kKa5t1elEtSOWpzVak1vDQdQBHzGdaNDkces0KYntzlJ9AFoEU6lVNJWRoKXWDwh5pEvhYLKUzz6luaniQ==
  
  "@lexical/utils@0.6.0":
    version "0.6.0"
    resolved "https://registry.yarnpkg.com/@lexical/utils/-/utils-0.6.0.tgz#992a1052d833e407ee797dfbd66a455c07659125"
    integrity sha512-qIhIkRSbgGLOq/sOOpvHkEnDDvMxljV3D8y/feNyYJv8e/qbY0lHT5E+hDauAAbDDwnGTtQ3GTNVnmOtqG2cbw==
    dependencies:
      "@lexical/list" "0.6.0"
      "@lexical/table" "0.6.0"
  
  "@lexical/yjs@0.6.0":
    version "0.6.0"
    resolved "https://registry.yarnpkg.com/@lexical/yjs/-/yjs-0.6.0.tgz#5b8028b1fd858cb8201e5bd5089fb7da70aa6a5c"
    integrity sha512-CcnHgqierfo9nSeAu/xzLcrit37Dahsnp4H6540SeY4rzYUf17k6V/6OORLtIRGdcfeE5h5NxhUqtp+rtDdcpQ==
    dependencies:
      "@lexical/offset" "0.6.0"
  
  "@types/lodash@^4.14.175":
    version "4.14.188"
    resolved "https://registry.yarnpkg.com/@types/lodash/-/lodash-4.14.188.tgz#e4990c4c81f7c9b00c5ff8eae389c10f27980da5"
    integrity sha512-zmEmF5OIM3rb7SbLCFYoQhO4dGt2FRM9AMkxvA3LaADOF1n8in/zGJlWji9fmafLoNyz+FoL6FE0SLtGIArD7w==
  
  lexical@^0.6.0:
    version "0.6.0"
    resolved "https://registry.yarnpkg.com/lexical/-/lexical-0.6.0.tgz#60f86008aca7e6ecc50338bc442eb590338163ea"
    integrity sha512-0nhl2wsPR34fYphPPDdA9LGPx90klIsLokdx43Rl4UzvmGNK66todNkwkm0qsSSLgEVu8lBpGwo1Hwf58MfbuA==
  
  lodash-es@^4.17.21:
    version "4.17.21"
    resolved "https://registry.yarnpkg.com/lodash-es/-/lodash-es-4.17.21.tgz#43e626c46e6591b7750beb2b50117390c609e3ee"
    integrity sha512-mKnC+QJ9pWVzv+C4/U3rRsHapFfHvQFoFB92e52xeyGMcX6/OlIl78je1u8vePzYZSkkogMPJ2yjxxsb89cxyw==
  
  lodash@^4.17.21:
    version "4.17.21"
    resolved "https://registry.yarnpkg.com/lodash/-/lodash-4.17.21.tgz#679591c564c3bffaae8454cf0b3df370c3d6911c"
    integrity sha512-v2kDEe57lecTulaDIuNTPy3Ry4gLGJ6Z1O3vE1krgXZNrsQ+LFTGHVxVjcXPs17LhbZVGedAJv8XZ1tvj5FvSg==
  
  nanoclone@^0.2.1:
    version "0.2.1"
    resolved "https://registry.yarnpkg.com/nanoclone/-/nanoclone-0.2.1.tgz#dd4090f8f1a110d26bb32c49ed2f5b9235209ed4"
    integrity sha512-wynEP02LmIbLpcYw8uBKpcfF6dmg2vcpKqxeH5UcoKEYdExslsdUA4ugFauuaeYdTB76ez6gJW8XAZ6CgkXYxA==
  
  prismjs@^1.27.0:
    version "1.29.0"
    resolved "https://registry.yarnpkg.com/prismjs/-/prismjs-1.29.0.tgz#f113555a8fa9b57c35e637bba27509dcf802dd12"
    integrity sha512-Kx/1w86q/epKcmte75LNrEoT+lX8pBpavuAbvJWRXar7Hz8jrtF+e3vY751p0R8H9HdArwaCTNDDzHg/ScJK1Q==
  
  property-expr@^2.0.4:
    version "2.0.5"
    resolved "https://registry.yarnpkg.com/property-expr/-/property-expr-2.0.5.tgz#278bdb15308ae16af3e3b9640024524f4dc02cb4"
    integrity sha512-IJUkICM5dP5znhCckHSv30Q4b5/JA5enCtkRHYaOVOAocnH/1BQEYTC5NMfT3AVl/iXKdr3aqQbQn9DxyWknwA==
  
  react-error-boundary@^3.1.4:
    version "3.1.4"
    resolved "https://registry.yarnpkg.com/react-error-boundary/-/react-error-boundary-3.1.4.tgz#255db92b23197108757a888b01e5b729919abde0"
    integrity sha512-uM9uPzZJTF6wRQORmSrvOIgt4lJ9MC1sNgEOj2XGsDTRE4kmpWxg7ENK9EWNKJRMAOY9z0MuF4yIfl6gp4sotA==
    dependencies:
      "@babel/runtime" "^7.12.5"
  
  regenerator-runtime@^0.13.10:
    version "0.13.10"
    resolved "https://registry.yarnpkg.com/regenerator-runtime/-/regenerator-runtime-0.13.10.tgz#ed07b19616bcbec5da6274ebc75ae95634bfc2ee"
    integrity sha512-KepLsg4dU12hryUO7bp/axHAKvwGOCV0sGloQtpagJ12ai+ojVDqkeGSiRX1zlq+kjIMZ1t7gpze+26QqtdGqw==
  
  toposort@^2.0.2:
    version "2.0.2"
    resolved "https://registry.yarnpkg.com/toposort/-/toposort-2.0.2.tgz#ae21768175d1559d48bef35420b2f4962f09c330"
    integrity sha512-0a5EOkAUp8D4moMi2W8ZF8jcga7BgZd91O/yabJCFY8az+XSzeGyTKs0Aoo897iV1Nj6guFq8orWDS96z91oGg==
  
  typescript@4.6.3:
    version "4.6.3"
    resolved "https://registry.yarnpkg.com/typescript/-/typescript-4.6.3.tgz#eefeafa6afdd31d725584c67a0eaba80f6fc6c6c"
    integrity sha512-yNIatDa5iaofVozS/uQJEl3JRWLKKGJKh6Yaiv0GLGSuhpFJe7P3SbHZ8/yjAHRQwKRoA6YZqlfjXWmVzoVSMw==
  
  yup@^0.32.11:
    version "0.32.11"
    resolved "https://registry.yarnpkg.com/yup/-/yup-0.32.11.tgz#d67fb83eefa4698607982e63f7ca4c5ed3cf18c5"
    integrity sha512-Z2Fe1bn+eLstG8DRR6FTavGD+MeAwyfmouhHsIUgaADz8jvFKbO/fXc2trJKZg+5EBjh4gGm3iU/t3onKlXHIg==
    dependencies:
      "@babel/runtime" "^7.15.4"
      "@types/lodash" "^4.14.175"
      lodash "^4.17.21"
      lodash-es "^4.17.21"
      nanoclone "^0.2.1"
      property-expr "^2.0.4"
      toposort "^2.0.2"
